# JRE version: OpenJDK Runtime Environment (8.0_322-b06) (build 1.8.0_322-b06)
# Java VM: OpenJDK 64-Bit Server VM (25.322-b06 mixed mode windows-amd64 compressed oops)
Heap:
 PSYoungGen      total 128512K, used 2932K [0x000000076dc00000, 0x0000000776b00000, 0x00000007c0000000)
  eden space 116224K, 2% used [0x000000076dc00000,0x000000076dedd378,0x0000000774d80000)
  from space 12288K, 0% used [0x0000000775300000,0x0000000775300000,0x0000000775f00000)
  to   space 8192K, 0% used [0x0000000776300000,0x0000000776300000,0x0000000776b00000)
 ParOldGen       total 182272K, used 18247K [0x00000006c9400000, 0x00000006d4600000, 0x000000076dc00000)
  object space 182272K, 10% used [0x00000006c9400000,0x00000006ca5d1e98,0x00000006d4600000)
 Metaspace       used 41808K, capacity 44386K, committed 44672K, reserved 1093632K
  class space    used 5481K, capacity 5988K, committed 6016K, reserved 1048576K
GC Heap History (10 events):
Event: 67.211 GC heap before
{Heap before GC invocations=11 (full 4):
 PSYoungGen      total 128512K, used 3088K [0x000000076dc00000, 0x0000000776b00000, 0x00000007c0000000)
  eden space 116224K, 0% used [0x000000076dc00000,0x000000076dc00000,0x0000000774d80000)
  from space 12288K, 25% used [0x0000000775300000,0x0000000775604038,0x0000000775f00000)
  to   space 8192K, 0% used [0x0000000776300000,0x0000000776300000,0x0000000776b00000)
 ParOldGen       total 182272K, used 19872K [0x00000006c9400000, 0x00000006d4600000, 0x000000076dc00000)
  object space 182272K, 10% used [0x00000006c9400000,0x00000006ca768348,0x00000006d4600000)
 Metaspace       used 41003K, capacity 43572K, committed 43648K, reserved 1091584K
  class space    used 5409K, capacity 5951K, committed 6016K, reserved 1048576K
Event: 67.255 GC heap after
Heap after GC invocations=11 (full 4):
 PSYoungGen      total 128512K, used 0K [0x000000076dc00000, 0x0000000776b00000, 0x00000007c0000000)
  eden space 116224K, 0% used [0x000000076dc00000,0x000000076dc00000,0x0000000774d80000)
  from space 12288K, 0% used [0x0000000775300000,0x0000000775300000,0x0000000775f00000)
  to   space 8192K, 0% used [0x0000000776300000,0x0000000776300000,0x0000000776b00000)
 ParOldGen       total 182272K, used 18609K [0x00000006c9400000, 0x00000006d4600000, 0x000000076dc00000)
  object space 182272K, 10% used [0x00000006c9400000,0x00000006ca62c458,0x00000006d4600000)
 Metaspace       used 41003K, capacity 43572K, committed 43648K, reserved 1089536K
  class space    used 5409K, capacity 5951K, committed 6016K, reserved 1048576K
}
Event: 67.273 GC heap before
{Heap before GC invocations=12 (full 4):
 PSYoungGen      total 128512K, used 2327K [0x000000076dc00000, 0x0000000776b00000, 0x00000007c0000000)
  eden space 116224K, 2% used [0x000000076dc00000,0x000000076de45f68,0x0000000774d80000)
  from space 12288K, 0% used [0x0000000775300000,0x0000000775300000,0x0000000775f00000)
  to   space 8192K, 0% used [0x0000000776300000,0x0000000776300000,0x0000000776b00000)
 ParOldGen       total 182272K, used 18609K [0x00000006c9400000, 0x00000006d4600000, 0x000000076dc00000)
  object space 182272K, 10% used [0x00000006c9400000,0x00000006ca62c458,0x00000006d4600000)
 Metaspace       used 41286K, capacity 43828K, committed 43904K, reserved 1093632K
  class space    used 5436K, capacity 5951K, committed 6016K, reserved 1048576K
Event: 67.275 GC heap after
Heap after GC invocations=12 (full 4):
 PSYoungGen      total 124416K, used 741K [0x000000076dc00000, 0x0000000776b00000, 0x00000007c0000000)
  eden space 116224K, 0% used [0x000000076dc00000,0x000000076dc00000,0x0000000774d80000)
  from space 8192K, 9% used [0x0000000776300000,0x00000007763b9648,0x0000000776b00000)
  to   space 12288K, 0% used [0x0000000775300000,0x0000000775300000,0x0000000775f00000)
 ParOldGen       total 182272K, used 18609K [0x00000006c9400000, 0x00000006d4600000, 0x000000076dc00000)
  object space 182272K, 10% used [0x00000006c9400000,0x00000006ca62c458,0x00000006d4600000)
 Metaspace       used 41286K, capacity 43828K, committed 43904K, reserved 1093632K
  class space    used 5436K, capacity 5951K, committed 6016K, reserved 1048576K
}
Event: 67.275 GC heap before
{Heap before GC invocations=13 (full 5):
 PSYoungGen      total 124416K, used 741K [0x000000076dc00000, 0x0000000776b00000, 0x00000007c0000000)
  eden space 116224K, 0% used [0x000000076dc00000,0x000000076dc00000,0x0000000774d80000)
  from space 8192K, 9% used [0x0000000776300000,0x00000007763b9648,0x0000000776b00000)
  to   space 12288K, 0% used [0x0000000775300000,0x0000000775300000,0x0000000775f00000)
 ParOldGen       total 182272K, used 18609K [0x00000006c9400000, 0x00000006d4600000, 0x000000076dc00000)
  object space 182272K, 10% used [0x00000006c9400000,0x00000006ca62c458,0x00000006d4600000)
 Metaspace       used 41286K, capacity 43828K, committed 43904K, reserved 1093632K
  class space    used 5436K, capacity 5951K, committed 6016K, reserved 1048576K
Event: 67.300 GC heap after
Heap after GC invocations=13 (full 5):
 PSYoungGen      total 124416K, used 0K [0x000000076dc00000, 0x0000000776b00000, 0x00000007c0000000)
  eden space 116224K, 0% used [0x000000076dc00000,0x000000076dc00000,0x0000000774d80000)
  from space 8192K, 0% used [0x0000000776300000,0x0000000776300000,0x0000000776b00000)
  to   space 12288K, 0% used [0x0000000775300000,0x0000000775300000,0x0000000775f00000)
 ParOldGen       total 182272K, used 18202K [0x00000006c9400000, 0x00000006d4600000, 0x000000076dc00000)
  object space 182272K, 9% used [0x00000006c9400000,0x00000006ca5c6988,0x00000006d4600000)
 Metaspace       used 41286K, capacity 43828K, committed 43904K, reserved 1091584K
  class space    used 5436K, capacity 5951K, committed 6016K, reserved 1048576K
}
Event: 67.310 GC heap before
{Heap before GC invocations=14 (full 5):
 PSYoungGen      total 124416K, used 1658K [0x000000076dc00000, 0x0000000776b00000, 0x00000007c0000000)
  eden space 116224K, 1% used [0x000000076dc00000,0x000000076dd9e818,0x0000000774d80000)
  from space 8192K, 0% used [0x0000000776300000,0x0000000776300000,0x0000000776b00000)
  to   space 12288K, 0% used [0x0000000775300000,0x0000000775300000,0x0000000775f00000)
 ParOldGen       total 182272K, used 18202K [0x00000006c9400000, 0x00000006d4600000, 0x000000076dc00000)
  object space 182272K, 9% used [0x00000006c9400000,0x00000006ca5c6988,0x00000006d4600000)
 Metaspace       used 41465K, capacity 44066K, committed 44160K, reserved 1095680K
  class space    used 5453K, capacity 5988K, committed 6016K, reserved 1048576K
Event: 67.312 GC heap after
Heap after GC invocations=14 (full 5):
 PSYoungGen      total 128512K, used 643K [0x000000076dc00000, 0x0000000776b00000, 0x00000007c0000000)
  eden space 116224K, 0% used [0x000000076dc00000,0x000000076dc00000,0x0000000774d80000)
  from space 12288K, 5% used [0x0000000775300000,0x00000007753a0c78,0x0000000775f00000)
  to   space 8192K, 0% used [0x0000000776300000,0x0000000776300000,0x0000000776b00000)
 ParOldGen       total 182272K, used 18202K [0x00000006c9400000, 0x00000006d4600000, 0x000000076dc00000)
  object space 182272K, 9% used [0x00000006c9400000,0x00000006ca5c6988,0x00000006d4600000)
 Metaspace       used 41465K, capacity 44066K, committed 44160K, reserved 1095680K
  class space    used 5453K, capacity 5988K, committed 6016K, reserved 1048576K
}
Event: 67.312 GC heap before
{Heap before GC invocations=15 (full 6):
 PSYoungGen      total 128512K, used 643K [0x000000076dc00000, 0x0000000776b00000, 0x00000007c0000000)
  eden space 116224K, 0% used [0x000000076dc00000,0x000000076dc00000,0x0000000774d80000)
  from space 12288K, 5% used [0x0000000775300000,0x00000007753a0c78,0x0000000775f00000)
  to   space 8192K, 0% used [0x0000000776300000,0x0000000776300000,0x0000000776b00000)
 ParOldGen       total 182272K, used 18202K [0x00000006c9400000, 0x00000006d4600000, 0x000000076dc00000)
  object space 182272K, 9% used [0x00000006c9400000,0x00000006ca5c6988,0x00000006d4600000)
 Metaspace       used 41465K, capacity 44066K, committed 44160K, reserved 1095680K
  class space    used 5453K, capacity 5988K, committed 6016K, reserved 1048576K
Event: 67.366 GC heap after
Heap after GC invocations=15 (full 6):
 PSYoungGen      total 128512K, used 0K [0x000000076dc00000, 0x0000000776b00000, 0x00000007c0000000)
  eden space 116224K, 0% used [0x000000076dc00000,0x000000076dc00000,0x0000000774d80000)
  from space 12288K, 0% used [0x0000000775300000,0x0000000775300000,0x0000000775f00000)
  to   space 8192K, 0% used [0x0000000776300000,0x0000000776300000,0x0000000776b00000)
 ParOldGen       total 182272K, used 18247K [0x00000006c9400000, 0x00000006d4600000, 0x000000076dc00000)
  object space 182272K, 10% used [0x00000006c9400000,0x00000006ca5d1e98,0x00000006d4600000)
 Metaspace       used 41465K, capacity 44066K, committed 44160K, reserved 1093632K
  class space    used 5453K, capacity 5988K, committed 6016K, reserved 1048576K
}

